2022-11-21 21:53:56,368 | INFO: Script args:
{'txt_field': 'body', 'splits': None, 'dataset': 'msg_all', 'model_checkpoint': 'bert-base-multilingual-cased', 'num_epochs': 50, 'batch_size': 32, 'resume_from_checkpoint': False, 'lm_dataset': 'lm_msg_all_body_512_drop_last_b_c_multi_512'}
2022-11-21 21:53:56,368 | INFO: Loading tokenizer
2022-11-21 21:53:56,899 | INFO: Lock 22384935612480 acquired on /cluster/home/erlenoi/.cache/huggingface/transformers/f55e7a2ad4f8d0fff2733b3f79777e1e99247f2e4583703e92ce74453af8c235.ec5c189f89475aac7d8cbd243960a0655cfadc3d0474da8ff2ed0bf1699c2a5f.lock
2022-11-21 21:53:57,392 | INFO: Lock 22384935612480 released on /cluster/home/erlenoi/.cache/huggingface/transformers/f55e7a2ad4f8d0fff2733b3f79777e1e99247f2e4583703e92ce74453af8c235.ec5c189f89475aac7d8cbd243960a0655cfadc3d0474da8ff2ed0bf1699c2a5f.lock
2022-11-21 21:53:57,880 | INFO: Lock 22388134571552 acquired on /cluster/home/erlenoi/.cache/huggingface/transformers/6c4a5d81a58c9791cdf76a09bce1b5abfb9cf958aebada51200f4515403e5d08.0fe59f3f4f1335dadeb4bce8b8146199d9083512b50d07323c1c319f96df450c.lock
2022-11-21 21:53:58,376 | INFO: Lock 22388134571552 released on /cluster/home/erlenoi/.cache/huggingface/transformers/6c4a5d81a58c9791cdf76a09bce1b5abfb9cf958aebada51200f4515403e5d08.0fe59f3f4f1335dadeb4bce8b8146199d9083512b50d07323c1c319f96df450c.lock
2022-11-21 21:53:59,349 | INFO: Lock 22384935583696 acquired on /cluster/home/erlenoi/.cache/huggingface/transformers/eff018e45de5364a8368df1f2df3461d506e2a111e9dd50af1fae061cd460ead.6c5b6600e968f4b5e08c86d8891ea99e51537fc2bf251435fb46922e8f7a7b29.lock
2022-11-21 21:54:00,560 | INFO: Lock 22384935583696 released on /cluster/home/erlenoi/.cache/huggingface/transformers/eff018e45de5364a8368df1f2df3461d506e2a111e9dd50af1fae061cd460ead.6c5b6600e968f4b5e08c86d8891ea99e51537fc2bf251435fb46922e8f7a7b29.lock
2022-11-21 21:54:01,047 | INFO: Lock 22384935582352 acquired on /cluster/home/erlenoi/.cache/huggingface/transformers/46880f3b0081fda494a4e15b05787692aa4c1e21e0ff2428ba8b14d4eda0784d.b33e51591f94f17c238ee9b1fac75b96ff2678cbaed6e108feadb3449d18dc24.lock
2022-11-21 21:54:02,417 | INFO: Lock 22384935582352 released on /cluster/home/erlenoi/.cache/huggingface/transformers/46880f3b0081fda494a4e15b05787692aa4c1e21e0ff2428ba8b14d4eda0784d.b33e51591f94f17c238ee9b1fac75b96ff2678cbaed6e108feadb3449d18dc24.lock
2022-11-21 21:54:04,551 | INFO: Loading raw dataset to create LM dataset
2022-11-21 21:54:05,091 | WARNING: Using custom data configuration default-08f7f50fe15052cc
2022-11-21 21:54:05,140 | WARNING: Found cached dataset parquet (/cluster/home/erlenoi/.cache/huggingface/datasets/parquet/default-08f7f50fe15052cc/0.0.0/2a3b91fbd88a2c90d1dbbb32b460cf621d31bd5b05b934492fdef7d8d6f236ec)
2022-11-21 21:54:05,180 | INFO: Cleaning and tokenizing on body
2022-11-21 21:54:05,182 | WARNING: Loading cached processed dataset at /cluster/home/erlenoi/.cache/huggingface/datasets/parquet/default-08f7f50fe15052cc/0.0.0/2a3b91fbd88a2c90d1dbbb32b460cf621d31bd5b05b934492fdef7d8d6f236ec/cache-03c40060d9b58917.arrow
2022-11-21 21:54:05,187 | WARNING: Loading cached processed dataset at /cluster/home/erlenoi/.cache/huggingface/datasets/parquet/default-08f7f50fe15052cc/0.0.0/2a3b91fbd88a2c90d1dbbb32b460cf621d31bd5b05b934492fdef7d8d6f236ec/cache-02b1ddb9f7fdbb56.arrow
2022-11-21 21:54:05,193 | WARNING: Loading cached processed dataset at /cluster/home/erlenoi/.cache/huggingface/datasets/parquet/default-08f7f50fe15052cc/0.0.0/2a3b91fbd88a2c90d1dbbb32b460cf621d31bd5b05b934492fdef7d8d6f236ec/cache-559633b3303fe61e.arrow
2022-11-21 21:56:33,648 | INFO: Creating tokenized LM dataset with CHUNK_SIZE=512
2022-11-21 22:03:41,143 | INFO: Storing LM dataset to data/lm_msg_all_body_512_drop_last_b_c_multi_512
2022-11-21 22:03:43,720 | INFO: Lock 22384925437328 acquired on /cluster/home/erlenoi/.cache/huggingface/transformers/0a3fd51713dcbb4def175c7f85bddc995d5976ce1dde327f99104e4d33069f17.aa7be4c79d76f4066d9b354496ea477c9ee39c5d889156dd1efb680643c2b052.lock
2022-11-21 22:03:51,745 | INFO: Lock 22384925437328 released on /cluster/home/erlenoi/.cache/huggingface/transformers/0a3fd51713dcbb4def175c7f85bddc995d5976ce1dde327f99104e4d33069f17.aa7be4c79d76f4066d9b354496ea477c9ee39c5d889156dd1efb680643c2b052.lock
