2022-11-21 10:01:46,658 | INFO: Train: (64707, 36), Val: (9245, 36), Test: (18489, 36)
2022-11-21 10:01:46,668 | INFO: (array([0, 1, 2]), array([50468,   921, 13318]))
2022-11-21 10:01:46,671 | INFO: (array([0, 1, 2]), array([14416,   251,  3822]))
2022-11-21 10:01:46,671 | INFO: HyperParameters:
		SVD:{'n_components': 1000, 'random_state': 37}
		TFiDF:{'max_df': 0.5, 'min_df': 5, 'stop_words': 'english'}
		Hasing: {'stop_words': 'english', 'n_features': 100000}
2022-11-21 10:01:46,671 | INFO: MiniBatchKM:{'n_clusters': 3, 'n_init': 10, 'init_size': 1000, 'batch_size': 1000}
2022-11-21 10:01:46,671 | INFO: LSA PIPELINE
2022-11-21 10:01:46,671 | INFO: LSA fit & transform
2022-11-21 10:02:55,090 | INFO: LSA done in 68.419 s
2022-11-21 10:02:55,090 | INFO: Explained variance of the SVD step: 70.7%
2022-11-21 10:03:14,369 | INFO: clustering done in 0.48 ± 0.08 s 
2022-11-21 10:03:14,371 | INFO: 	Homogeneity: 0.003 ± 0.001
2022-11-21 10:03:14,371 | INFO: 	Completeness: 0.002 ± 0.000
2022-11-21 10:03:14,371 | INFO: 	V-measure: 0.002 ± 0.000
2022-11-21 10:03:14,371 | INFO: 	Adjusted Rand-Index: -0.002 ± 0.001
2022-11-21 10:03:14,371 | INFO: 	Silhouette Coefficient: -0.046 ± 0.002
2022-11-21 10:03:14,371 | INFO: ################################
2022-11-21 10:03:14,371 | INFO: HASHING PIPELINE
2022-11-21 10:04:47,999 | INFO: Hashing pipeline done in 93.627 s
2022-11-21 10:04:47,999 | INFO: transforming X_test
2022-11-21 10:05:07,181 | INFO: clustering done in 0.44 ± 0.06 s 
2022-11-21 10:05:07,182 | INFO: 	Homogeneity: 0.002 ± 0.000
2022-11-21 10:05:07,182 | INFO: 	Completeness: 0.001 ± 0.000
2022-11-21 10:05:07,182 | INFO: 	V-measure: 0.002 ± 0.000
2022-11-21 10:05:07,182 | INFO: 	Adjusted Rand-Index: -0.001 ± 0.001
2022-11-21 10:05:07,182 | INFO: 	Silhouette Coefficient: -0.045 ± 0.005
2022-11-21 10:05:07,182 | INFO: Example test with minibatch LSA
2022-11-21 10:05:07,767 | INFO: Report:
              precision    recall  f1-score   support

    negative       0.79      0.19      0.30     14416
     neutral       0.02      0.73      0.04       251
    positive       0.19      0.25      0.21      3822

    accuracy                           0.21     18489
   macro avg       0.33      0.39      0.18     18489
weighted avg       0.65      0.21      0.28     18489

2022-11-21 10:05:07,768 | INFO: Confusion matrix:
[[2725 7664 4027]
 [  41  182   28]
 [ 687 2192  943]]
2022-11-21 10:05:07,768 | INFO: Storing Confusion Matrix
2022-11-21 10:05:07,843 | DEBUG: Loaded backend agg version v2.2.
2022-11-21 10:05:07,845 | DEBUG: findfont: Matching sans\-serif:style=normal:variant=normal:weight=normal:stretch=normal:size=10.0.
2022-11-21 10:05:07,846 | DEBUG: findfont: score(FontEntry(fname='/cluster/home/erlenoi/.local/lib/python3.9/site-packages/matplotlib/mpl-data/fonts/ttf/STIXNonUniBolIta.ttf', name='STIXNonUnicode', style='italic', variant='normal', weight=700, stretch='normal', size='scalable')) = 11.335
2022-11-21 10:05:07,846 | DEBUG: findfont: score(FontEntry(fname='/cluster/home/erlenoi/.local/lib/python3.9/site-packages/matplotlib/mpl-data/fonts/ttf/cmmi10.ttf', name='cmmi10', style='normal', variant='normal', weight=400, stretch='normal', size='scalable')) = 10.05
2022-11-21 10:05:07,846 | DEBUG: findfont: score(FontEntry(fname='/cluster/home/erlenoi/.local/lib/python3.9/site-packages/matplotlib/mpl-data/fonts/ttf/STIXSizOneSymBol.ttf', name='STIXSizeOneSym', style='normal', variant='normal', weight=700, stretch='normal', size='scalable')) = 10.335
2022-11-21 10:05:07,846 | DEBUG: findfont: score(FontEntry(fname='/cluster/home/erlenoi/.local/lib/python3.9/site-packages/matplotlib/mpl-data/fonts/ttf/DejaVuSerifDisplay.ttf', name='DejaVu Serif Display', style='normal', variant='normal', weight=400, stretch='normal', size='scalable')) = 10.05
2022-11-21 10:05:07,846 | DEBUG: findfont: score(FontEntry(fname='/cluster/home/erlenoi/.local/lib/python3.9/site-packages/matplotlib/mpl-data/fonts/ttf/STIXSizThreeSymBol.ttf', name='STIXSizeThreeSym', style='normal', variant='normal', weight=700, stretch='normal', size='scalable')) = 10.335
2022-11-21 10:05:07,846 | DEBUG: findfont: score(FontEntry(fname='/cluster/home/erlenoi/.local/lib/python3.9/site-packages/matplotlib/mpl-data/fonts/ttf/STIXSizOneSymReg.ttf', name='STIXSizeOneSym', style='normal', variant='normal', weight=400, stretch='normal', size='scalable')) = 10.05
2022-11-21 10:05:07,846 | DEBUG: findfont: score(FontEntry(fname='/cluster/home/erlenoi/.local/lib/python3.9/site-packages/matplotlib/mpl-data/fonts/ttf/cmsy10.ttf', name='cmsy10', style='normal', variant='normal', weight=400, stretch='normal', size='scalable')) = 10.05
2022-11-21 10:05:07,846 | DEBUG: findfont: score(FontEntry(fname='/cluster/home/erlenoi/.local/lib/python3.9/site-packages/matplotlib/mpl-data/fonts/ttf/DejaVuSans-Oblique.ttf', name='DejaVu Sans', style='oblique', variant='normal', weight=400, stretch='normal', size='scalable')) = 1.05
2022-11-21 10:05:07,846 | DEBUG: findfont: score(FontEntry(fname='/cluster/home/erlenoi/.local/lib/python3.9/site-packages/matplotlib/mpl-data/fonts/ttf/DejaVuSans-BoldOblique.ttf', name='DejaVu Sans', style='oblique', variant='normal', weight=700, stretch='normal', size='scalable')) = 1.335
2022-11-21 10:05:07,846 | DEBUG: findfont: score(FontEntry(fname='/cluster/home/erlenoi/.local/lib/python3.9/site-packages/matplotlib/mpl-data/fonts/ttf/STIXGeneralBol.ttf', name='STIXGeneral', style='normal', variant='normal', weight=700, stretch='normal', size='scalable')) = 10.335
2022-11-21 10:05:07,846 | DEBUG: findfont: score(FontEntry(fname='/cluster/home/erlenoi/.local/lib/python3.9/site-packages/matplotlib/mpl-data/fonts/ttf/DejaVuSerif-Italic.ttf', name='DejaVu Serif', style='italic', variant='normal', weight=400, stretch='normal', size='scalable')) = 11.05
2022-11-21 10:05:07,846 | DEBUG: findfont: score(FontEntry(fname='/cluster/home/erlenoi/.local/lib/python3.9/site-packages/matplotlib/mpl-data/fonts/ttf/STIXSizTwoSymReg.ttf', name='STIXSizeTwoSym', style='normal', variant='normal', weight=400, stretch='normal', size='scalable')) = 10.05
2022-11-21 10:05:07,846 | DEBUG: findfont: score(FontEntry(fname='/cluster/home/erlenoi/.local/lib/python3.9/site-packages/matplotlib/mpl-data/fonts/ttf/DejaVuSansMono-BoldOblique.ttf', name='DejaVu Sans Mono', style='oblique', variant='normal', weight=700, stretch='normal', size='scalable')) = 11.335
2022-11-21 10:05:07,846 | DEBUG: findfont: score(FontEntry(fname='/cluster/home/erlenoi/.local/lib/python3.9/site-packages/matplotlib/mpl-data/fonts/ttf/STIXNonUniBol.ttf', name='STIXNonUnicode', style='normal', variant='normal', weight=700, stretch='normal', size='scalable')) = 10.335
2022-11-21 10:05:07,846 | DEBUG: findfont: score(FontEntry(fname='/cluster/home/erlenoi/.local/lib/python3.9/site-packages/matplotlib/mpl-data/fonts/ttf/DejaVuSans.ttf', name='DejaVu Sans', style='normal', variant='normal', weight=400, stretch='normal', size='scalable')) = 0.05
2022-11-21 10:05:07,846 | DEBUG: findfont: score(FontEntry(fname='/cluster/home/erlenoi/.local/lib/python3.9/site-packages/matplotlib/mpl-data/fonts/ttf/STIXSizFourSymBol.ttf', name='STIXSizeFourSym', style='normal', variant='normal', weight=700, stretch='normal', size='scalable')) = 10.335
2022-11-21 10:05:07,846 | DEBUG: findfont: score(FontEntry(fname='/cluster/home/erlenoi/.local/lib/python3.9/site-packages/matplotlib/mpl-data/fonts/ttf/DejaVuSerif-Bold.ttf', name='DejaVu Serif', style='normal', variant='normal', weight=700, stretch='normal', size='scalable')) = 10.335
2022-11-21 10:05:07,846 | DEBUG: findfont: score(FontEntry(fname='/cluster/home/erlenoi/.local/lib/python3.9/site-packages/matplotlib/mpl-data/fonts/ttf/DejaVuSansMono.ttf', name='DejaVu Sans Mono', style='normal', variant='normal', weight=400, stretch='normal', size='scalable')) = 10.05
2022-11-21 10:05:07,846 | DEBUG: findfont: score(FontEntry(fname='/cluster/home/erlenoi/.local/lib/python3.9/site-packages/matplotlib/mpl-data/fonts/ttf/STIXGeneral.ttf', name='STIXGeneral', style='normal', variant='normal', weight=400, stretch='normal', size='scalable')) = 10.05
2022-11-21 10:05:07,846 | DEBUG: findfont: score(FontEntry(fname='/cluster/home/erlenoi/.local/lib/python3.9/site-packages/matplotlib/mpl-data/fonts/ttf/STIXGeneralBolIta.ttf', name='STIXGeneral', style='italic', variant='normal', weight=700, stretch='normal', size='scalable')) = 11.335
2022-11-21 10:05:07,846 | DEBUG: findfont: score(FontEntry(fname='/cluster/home/erlenoi/.local/lib/python3.9/site-packages/matplotlib/mpl-data/fonts/ttf/STIXSizFourSymReg.ttf', name='STIXSizeFourSym', style='normal', variant='normal', weight=400, stretch='normal', size='scalable')) = 10.05
2022-11-21 10:05:07,847 | DEBUG: findfont: score(FontEntry(fname='/cluster/home/erlenoi/.local/lib/python3.9/site-packages/matplotlib/mpl-data/fonts/ttf/cmtt10.ttf', name='cmtt10', style='normal', variant='normal', weight=400, stretch='normal', size='scalable')) = 10.05
2022-11-21 10:05:07,847 | DEBUG: findfont: score(FontEntry(fname='/cluster/home/erlenoi/.local/lib/python3.9/site-packages/matplotlib/mpl-data/fonts/ttf/DejaVuSerif.ttf', name='DejaVu Serif', style='normal', variant='normal', weight=400, stretch='normal', size='scalable')) = 10.05
2022-11-21 10:05:07,847 | DEBUG: findfont: score(FontEntry(fname='/cluster/home/erlenoi/.local/lib/python3.9/site-packages/matplotlib/mpl-data/fonts/ttf/STIXSizThreeSymReg.ttf', name='STIXSizeThreeSym', style='normal', variant='normal', weight=400, stretch='normal', size='scalable')) = 10.05
2022-11-21 10:05:07,847 | DEBUG: findfont: score(FontEntry(fname='/cluster/home/erlenoi/.local/lib/python3.9/site-packages/matplotlib/mpl-data/fonts/ttf/DejaVuSerif-BoldItalic.ttf', name='DejaVu Serif', style='italic', variant='normal', weight=700, stretch='normal', size='scalable')) = 11.335
2022-11-21 10:05:07,847 | DEBUG: findfont: score(FontEntry(fname='/cluster/home/erlenoi/.local/lib/python3.9/site-packages/matplotlib/mpl-data/fonts/ttf/STIXGeneralItalic.ttf', name='STIXGeneral', style='italic', variant='normal', weight=400, stretch='normal', size='scalable')) = 11.05
2022-11-21 10:05:07,847 | DEBUG: findfont: score(FontEntry(fname='/cluster/home/erlenoi/.local/lib/python3.9/site-packages/matplotlib/mpl-data/fonts/ttf/cmr10.ttf', name='cmr10', style='normal', variant='normal', weight=400, stretch='normal', size='scalable')) = 10.05
2022-11-21 10:05:07,847 | DEBUG: findfont: score(FontEntry(fname='/cluster/home/erlenoi/.local/lib/python3.9/site-packages/matplotlib/mpl-data/fonts/ttf/DejaVuSansMono-Oblique.ttf', name='DejaVu Sans Mono', style='oblique', variant='normal', weight=400, stretch='normal', size='scalable')) = 11.05
2022-11-21 10:05:07,847 | DEBUG: findfont: score(FontEntry(fname='/cluster/home/erlenoi/.local/lib/python3.9/site-packages/matplotlib/mpl-data/fonts/ttf/DejaVuSansDisplay.ttf', name='DejaVu Sans Display', style='normal', variant='normal', weight=400, stretch='normal', size='scalable')) = 10.05
2022-11-21 10:05:07,847 | DEBUG: findfont: score(FontEntry(fname='/cluster/home/erlenoi/.local/lib/python3.9/site-packages/matplotlib/mpl-data/fonts/ttf/STIXSizFiveSymReg.ttf', name='STIXSizeFiveSym', style='normal', variant='normal', weight=400, stretch='normal', size='scalable')) = 10.05
2022-11-21 10:05:07,847 | DEBUG: findfont: score(FontEntry(fname='/cluster/home/erlenoi/.local/lib/python3.9/site-packages/matplotlib/mpl-data/fonts/ttf/STIXNonUni.ttf', name='STIXNonUnicode', style='normal', variant='normal', weight=400, stretch='normal', size='scalable')) = 10.05
2022-11-21 10:05:07,847 | DEBUG: findfont: score(FontEntry(fname='/cluster/home/erlenoi/.local/lib/python3.9/site-packages/matplotlib/mpl-data/fonts/ttf/STIXSizTwoSymBol.ttf', name='STIXSizeTwoSym', style='normal', variant='normal', weight=700, stretch='normal', size='scalable')) = 10.335
2022-11-21 10:05:07,847 | DEBUG: findfont: score(FontEntry(fname='/cluster/home/erlenoi/.local/lib/python3.9/site-packages/matplotlib/mpl-data/fonts/ttf/cmb10.ttf', name='cmb10', style='normal', variant='normal', weight=400, stretch='normal', size='scalable')) = 10.05
2022-11-21 10:05:07,847 | DEBUG: findfont: score(FontEntry(fname='/cluster/home/erlenoi/.local/lib/python3.9/site-packages/matplotlib/mpl-data/fonts/ttf/DejaVuSans-Bold.ttf', name='DejaVu Sans', style='normal', variant='normal', weight=700, stretch='normal', size='scalable')) = 0.33499999999999996
2022-11-21 10:05:07,847 | DEBUG: findfont: score(FontEntry(fname='/cluster/home/erlenoi/.local/lib/python3.9/site-packages/matplotlib/mpl-data/fonts/ttf/cmss10.ttf', name='cmss10', style='normal', variant='normal', weight=400, stretch='normal', size='scalable')) = 10.05
2022-11-21 10:05:07,847 | DEBUG: findfont: score(FontEntry(fname='/cluster/home/erlenoi/.local/lib/python3.9/site-packages/matplotlib/mpl-data/fonts/ttf/STIXNonUniIta.ttf', name='STIXNonUnicode', style='italic', variant='normal', weight=400, stretch='normal', size='scalable')) = 11.05
2022-11-21 10:05:07,847 | DEBUG: findfont: score(FontEntry(fname='/cluster/home/erlenoi/.local/lib/python3.9/site-packages/matplotlib/mpl-data/fonts/ttf/DejaVuSansMono-Bold.ttf', name='DejaVu Sans Mono', style='normal', variant='normal', weight=700, stretch='normal', size='scalable')) = 10.335
2022-11-21 10:05:07,847 | DEBUG: findfont: score(FontEntry(fname='/cluster/home/erlenoi/.local/lib/python3.9/site-packages/matplotlib/mpl-data/fonts/ttf/cmex10.ttf', name='cmex10', style='normal', variant='normal', weight=400, stretch='normal', size='scalable')) = 10.05
2022-11-21 10:05:07,847 | DEBUG: findfont: score(FontEntry(fname='/usr/share/fonts/urw-base35/URWGothic-BookOblique.otf', name='URW Gothic', style='oblique', variant='normal', weight=400, stretch='normal', size='scalable')) = 11.05
2022-11-21 10:05:07,847 | DEBUG: findfont: score(FontEntry(fname='/usr/share/fonts/dejavu/DejaVuSans-ExtraLight.ttf', name='DejaVu Sans', style='normal', variant='normal', weight=200, stretch='normal', size='scalable')) = 0.24
2022-11-21 10:05:07,847 | DEBUG: findfont: score(FontEntry(fname='/usr/share/fonts/google-droid/DroidSans.ttf', name='Droid Sans', style='normal', variant='normal', weight=400, stretch='normal', size='scalable')) = 10.05
2022-11-21 10:05:07,847 | DEBUG: findfont: score(FontEntry(fname='/usr/share/fonts/urw-base35/D050000L.otf', name='D050000L', style='normal', variant='normal', weight=400, stretch='normal', size='scalable')) = 10.05
2022-11-21 10:05:07,847 | DEBUG: findfont: score(FontEntry(fname='/usr/share/fonts/urw-base35/P052-Italic.otf', name='P052', style='italic', variant='normal', weight=400, stretch='normal', size='scalable')) = 11.05
2022-11-21 10:05:07,847 | DEBUG: findfont: score(FontEntry(fname='/usr/share/fonts/google-droid/DroidSans-Bold.ttf', name='Droid Sans', style='normal', variant='normal', weight=700, stretch='normal', size='scalable')) = 10.335
2022-11-21 10:05:07,847 | DEBUG: findfont: score(FontEntry(fname='/usr/share/fonts/google-droid/DroidSansFallback.ttf', name='Droid Sans Fallback', style='normal', variant='normal', weight=400, stretch='normal', size='scalable')) = 10.05
2022-11-21 10:05:07,847 | DEBUG: findfont: score(FontEntry(fname='/usr/share/fonts/google-droid/DroidSansEthiopic-Bold.ttf', name='Droid Sans Ethiopic', style='normal', variant='normal', weight=700, stretch='normal', size='scalable')) = 10.335
2022-11-21 10:05:07,847 | DEBUG: findfont: score(FontEntry(fname='/usr/share/fonts/dejavu/DejaVuSans-Oblique.ttf', name='DejaVu Sans', style='oblique', variant='normal', weight=400, stretch='normal', size='scalable')) = 1.05
2022-11-21 10:05:07,847 | DEBUG: findfont: score(FontEntry(fname='/usr/share/fonts/dejavu/DejaVuSansMono-Oblique.ttf', name='DejaVu Sans Mono', style='oblique', variant='normal', weight=400, stretch='normal', size='scalable')) = 11.05
2022-11-21 10:05:07,847 | DEBUG: findfont: score(FontEntry(fname='/usr/share/fonts/urw-base35/C059-Bold.otf', name='C059', style='normal', variant='normal', weight=700, stretch='normal', size='scalable')) = 10.335
2022-11-21 10:05:07,847 | DEBUG: findfont: score(FontEntry(fname='/usr/share/fonts/urw-base35/NimbusRoman-Regular.otf', name='Nimbus Roman', style='normal', variant='normal', weight=400, stretch='normal', size='scalable')) = 10.05
2022-11-21 10:05:07,847 | DEBUG: findfont: score(FontEntry(fname='/usr/share/fonts/urw-base35/P052-Roman.otf', name='P052', style='normal', variant='normal', weight=400, stretch='normal', size='scalable')) = 10.05
2022-11-21 10:05:07,848 | DEBUG: findfont: score(FontEntry(fname='/usr/share/fonts/urw-base35/NimbusMonoPS-BoldItalic.otf', name='Nimbus Mono PS', style='italic', variant='normal', weight=700, stretch='normal', size='scalable')) = 11.335
2022-11-21 10:05:07,848 | DEBUG: findfont: score(FontEntry(fname='/usr/share/fonts/dejavu/DejaVuSans.ttf', name='DejaVu Sans', style='normal', variant='normal', weight=400, stretch='normal', size='scalable')) = 0.05
2022-11-21 10:05:07,848 | DEBUG: findfont: score(FontEntry(fname='/usr/share/fonts/dejavu/DejaVuSans-BoldOblique.ttf', name='DejaVu Sans', style='oblique', variant='normal', weight=700, stretch='normal', size='scalable')) = 1.335
2022-11-21 10:05:07,848 | DEBUG: findfont: score(FontEntry(fname='/usr/share/fonts/urw-base35/NimbusSans-BoldItalic.otf', name='Nimbus Sans', style='italic', variant='normal', weight=700, stretch='normal', size='scalable')) = 11.335
2022-11-21 10:05:07,848 | DEBUG: findfont: score(FontEntry(fname='/usr/share/fonts/urw-base35/URWBookman-Light.otf', name='URW Bookman', style='normal', variant='normal', weight=300, stretch='normal', size='scalable')) = 10.145
2022-11-21 10:05:07,848 | DEBUG: findfont: score(FontEntry(fname='/usr/share/fonts/abattis-cantarell/Cantarell-Oblique.otf', name='Cantarell', style='oblique', variant='normal', weight=400, stretch='normal', size='scalable')) = 11.05
2022-11-21 10:05:07,848 | DEBUG: findfont: score(FontEntry(fname='/usr/share/fonts/google-droid/DroidSansThai.ttf', name='Droid Sans Thai', style='normal', variant='normal', weight=400, stretch='normal', size='scalable')) = 10.05
2022-11-21 10:05:07,848 | DEBUG: findfont: score(FontEntry(fname='/usr/share/fonts/google-droid/DroidSansTamil-Bold.ttf', name='Droid Sans Tamil', style='normal', variant='normal', weight=700, stretch='normal', size='scalable')) = 10.335
2022-11-21 10:05:07,848 | DEBUG: findfont: score(FontEntry(fname='/usr/share/fonts/google-droid/DroidSansEthiopic-Regular.ttf', name='Droid Sans Ethiopic', style='normal', variant='normal', weight=400, stretch='normal', size='scalable')) = 10.05
2022-11-21 10:05:07,848 | DEBUG: findfont: score(FontEntry(fname='/usr/share/fonts/abattis-cantarell/Cantarell-BoldOblique.otf', name='Cantarell', style='oblique', variant='normal', weight=700, stretch='normal', size='scalable')) = 11.335
2022-11-21 10:05:07,848 | DEBUG: findfont: score(FontEntry(fname='/usr/share/fonts/urw-base35/URWGothic-DemiOblique.otf', name='URW Gothic', style='oblique', variant='normal', weight=600, stretch='normal', size='scalable')) = 11.24
2022-11-21 10:05:07,848 | DEBUG: findfont: score(FontEntry(fname='/usr/share/fonts/google-droid/DroidSansArmenian.ttf', name='Droid Sans Armenian', style='normal', variant='normal', weight=400, stretch='normal', size='scalable')) = 10.05
2022-11-21 10:05:07,848 | DEBUG: findfont: score(FontEntry(fname='/usr/share/fonts/dejavu/DejaVuSans-Bold.ttf', name='DejaVu Sans', style='normal', variant='normal', weight=700, stretch='normal', size='scalable')) = 0.33499999999999996
2022-11-21 10:05:07,848 | DEBUG: findfont: score(FontEntry(fname='/usr/share/fonts/urw-base35/URWBookman-LightItalic.otf', name='URW Bookman', style='italic', variant='normal', weight=300, stretch='normal', size='scalable')) = 11.145
2022-11-21 10:05:07,848 | DEBUG: findfont: score(FontEntry(fname='/usr/share/fonts/liberation-mono/LiberationMono-Italic.ttf', name='Liberation Mono', style='italic', variant='normal', weight=400, stretch='normal', size='scalable')) = 11.05
2022-11-21 10:05:07,848 | DEBUG: findfont: score(FontEntry(fname='/usr/share/fonts/dejavu/DejaVuSansMono.ttf', name='DejaVu Sans Mono', style='normal', variant='normal', weight=400, stretch='normal', size='scalable')) = 10.05
2022-11-21 10:05:07,848 | DEBUG: findfont: score(FontEntry(fname='/usr/share/fonts/liberation-mono/LiberationMono-BoldItalic.ttf', name='Liberation Mono', style='italic', variant='normal', weight=700, stretch='normal', size='scalable')) = 11.335
2022-11-21 10:05:07,848 | DEBUG: findfont: score(FontEntry(fname='/usr/share/fonts/google-droid/DroidSansHebrew-Regular.ttf', name='Droid Sans Hebrew', style='normal', variant='normal', weight=400, stretch='normal', size='scalable')) = 10.05
2022-11-21 10:05:07,848 | DEBUG: findfont: score(FontEntry(fname='/usr/share/fonts/dejavu/DejaVuSansCondensed-Bold.ttf', name='DejaVu Sans', style='normal', variant='normal', weight=700, stretch='condensed', size='scalable')) = 0.5349999999999999
2022-11-21 10:05:07,848 | DEBUG: findfont: score(FontEntry(fname='/usr/share/fonts/google-droid/DroidSansHebrew-Bold.ttf', name='Droid Sans Hebrew', style='normal', variant='normal', weight=600, stretch='normal', size='scalable')) = 10.24
2022-11-21 10:05:07,848 | DEBUG: findfont: score(FontEntry(fname='/usr/share/fonts/urw-base35/URWBookman-DemiItalic.otf', name='URW Bookman', style='italic', variant='normal', weight=600, stretch='normal', size='scalable')) = 11.24
2022-11-21 10:05:07,848 | DEBUG: findfont: score(FontEntry(fname='/usr/share/fonts/urw-base35/NimbusSansNarrow-Oblique.otf', name='Nimbus Sans Narrow', style='oblique', variant='normal', weight=400, stretch='condensed', size='scalable')) = 11.25
2022-11-21 10:05:07,848 | DEBUG: findfont: score(FontEntry(fname='/usr/share/fonts/urw-base35/NimbusRoman-Bold.otf', name='Nimbus Roman', style='normal', variant='normal', weight=700, stretch='normal', size='scalable')) = 10.335
2022-11-21 10:05:07,848 | DEBUG: findfont: score(FontEntry(fname='/usr/share/fonts/abattis-cantarell/Cantarell-Regular.otf', name='Cantarell', style='normal', variant='normal', weight=400, stretch='normal', size='scalable')) = 10.05
2022-11-21 10:05:07,848 | DEBUG: findfont: score(FontEntry(fname='/usr/share/fonts/urw-base35/NimbusSansNarrow-BoldOblique.otf', name='Nimbus Sans Narrow', style='oblique', variant='normal', weight=700, stretch='condensed', size='scalable')) = 11.535
2022-11-21 10:05:07,848 | DEBUG: findfont: score(FontEntry(fname='/usr/share/fonts/liberation-mono/LiberationMono-Regular.ttf', name='Liberation Mono', style='normal', variant='normal', weight=400, stretch='normal', size='scalable')) = 10.05
2022-11-21 10:05:07,848 | DEBUG: findfont: score(FontEntry(fname='/usr/share/fonts/urw-base35/NimbusSans-Bold.otf', name='Nimbus Sans', style='normal', variant='normal', weight=700, stretch='normal', size='scalable')) = 10.335
2022-11-21 10:05:07,848 | DEBUG: findfont: score(FontEntry(fname='/usr/share/fonts/urw-base35/NimbusSansNarrow-Regular.otf', name='Nimbus Sans Narrow', style='normal', variant='normal', weight=400, stretch='condensed', size='scalable')) = 10.25
2022-11-21 10:05:07,848 | DEBUG: findfont: score(FontEntry(fname='/usr/share/fonts/urw-base35/C059-BdIta.otf', name='C059', style='italic', variant='normal', weight=700, stretch='normal', size='scalable')) = 11.335
2022-11-21 10:05:07,849 | DEBUG: findfont: score(FontEntry(fname='/usr/share/fonts/google-droid/DroidSansArabic.ttf', name='Droid Sans Arabic', style='normal', variant='normal', weight=400, stretch='normal', size='scalable')) = 10.05
2022-11-21 10:05:07,849 | DEBUG: findfont: score(FontEntry(fname='/usr/share/fonts/dejavu/DejaVuSansCondensed.ttf', name='DejaVu Sans', style='normal', variant='normal', weight=400, stretch='condensed', size='scalable')) = 0.25
2022-11-21 10:05:07,849 | DEBUG: findfont: score(FontEntry(fname='/usr/share/fonts/urw-base35/URWGothic-Demi.otf', name='URW Gothic', style='normal', variant='normal', weight=600, stretch='normal', size='scalable')) = 10.24
2022-11-21 10:05:07,849 | DEBUG: findfont: score(FontEntry(fname='/usr/share/fonts/dejavu/DejaVuSansCondensed-BoldOblique.ttf', name='DejaVu Sans', style='oblique', variant='normal', weight=700, stretch='condensed', size='scalable')) = 1.535
2022-11-21 10:05:07,849 | DEBUG: findfont: score(FontEntry(fname='/usr/share/fonts/urw-base35/C059-Italic.otf', name='C059', style='italic', variant='normal', weight=400, stretch='normal', size='scalable')) = 11.05
2022-11-21 10:05:07,849 | DEBUG: findfont: score(FontEntry(fname='/usr/share/fonts/urw-base35/NimbusMonoPS-Italic.otf', name='Nimbus Mono PS', style='italic', variant='normal', weight=400, stretch='normal', size='scalable')) = 11.05
2022-11-21 10:05:07,849 | DEBUG: findfont: score(FontEntry(fname='/usr/share/fonts/urw-base35/NimbusSans-Italic.otf', name='Nimbus Sans', style='italic', variant='normal', weight=400, stretch='normal', size='scalable')) = 11.05
2022-11-21 10:05:07,849 | DEBUG: findfont: score(FontEntry(fname='/usr/share/fonts/urw-base35/URWGothic-Book.otf', name='URW Gothic', style='normal', variant='normal', weight=400, stretch='normal', size='scalable')) = 10.05
2022-11-21 10:05:07,849 | DEBUG: findfont: score(FontEntry(fname='/usr/share/fonts/urw-base35/NimbusSans-Regular.otf', name='Nimbus Sans', style='normal', variant='normal', weight=400, stretch='normal', size='scalable')) = 10.05
2022-11-21 10:05:07,849 | DEBUG: findfont: score(FontEntry(fname='/usr/share/fonts/urw-base35/URWBookman-Demi.otf', name='URW Bookman', style='normal', variant='normal', weight=600, stretch='normal', size='scalable')) = 10.24
2022-11-21 10:05:07,849 | DEBUG: findfont: score(FontEntry(fname='/usr/share/fonts/urw-base35/Z003-MediumItalic.otf', name='Z003', style='italic', variant='normal', weight=500, stretch='normal', size='scalable')) = 11.145
2022-11-21 10:05:07,849 | DEBUG: findfont: score(FontEntry(fname='/usr/share/fonts/dejavu/DejaVuSansMono-Bold.ttf', name='DejaVu Sans Mono', style='normal', variant='normal', weight=700, stretch='normal', size='scalable')) = 10.335
2022-11-21 10:05:07,849 | DEBUG: findfont: score(FontEntry(fname='/usr/share/fonts/dejavu/DejaVuSansMono-BoldOblique.ttf', name='DejaVu Sans Mono', style='oblique', variant='normal', weight=700, stretch='normal', size='scalable')) = 11.335
2022-11-21 10:05:07,849 | DEBUG: findfont: score(FontEntry(fname='/usr/share/fonts/urw-base35/NimbusRoman-BoldItalic.otf', name='Nimbus Roman', style='italic', variant='normal', weight=700, stretch='normal', size='scalable')) = 11.335
2022-11-21 10:05:07,849 | DEBUG: findfont: score(FontEntry(fname='/usr/share/fonts/abattis-cantarell/Cantarell-Bold.otf', name='Cantarell', style='normal', variant='normal', weight=700, stretch='normal', size='scalable')) = 10.335
2022-11-21 10:05:07,849 | DEBUG: findfont: score(FontEntry(fname='/usr/share/fonts/dejavu/DejaVuSansCondensed-Oblique.ttf', name='DejaVu Sans', style='oblique', variant='normal', weight=400, stretch='condensed', size='scalable')) = 1.25
2022-11-21 10:05:07,849 | DEBUG: findfont: score(FontEntry(fname='/usr/share/fonts/google-droid/DroidSansJapanese.ttf', name='Droid Sans Japanese', style='normal', variant='normal', weight=400, stretch='normal', size='scalable')) = 10.05
2022-11-21 10:05:07,849 | DEBUG: findfont: score(FontEntry(fname='/usr/share/fonts/urw-base35/P052-Bold.otf', name='P052', style='normal', variant='normal', weight=700, stretch='normal', size='scalable')) = 10.335
2022-11-21 10:05:07,849 | DEBUG: findfont: score(FontEntry(fname='/usr/share/fonts/urw-base35/NimbusSansNarrow-Bold.otf', name='Nimbus Sans Narrow', style='normal', variant='normal', weight=700, stretch='condensed', size='scalable')) = 10.535
2022-11-21 10:05:07,849 | DEBUG: findfont: score(FontEntry(fname='/usr/share/fonts/google-droid/DroidSansTamil-Regular.ttf', name='Droid Sans Tamil', style='normal', variant='normal', weight=400, stretch='normal', size='scalable')) = 10.05
2022-11-21 10:05:07,849 | DEBUG: findfont: score(FontEntry(fname='/usr/share/fonts/urw-base35/NimbusMonoPS-Bold.otf', name='Nimbus Mono PS', style='normal', variant='normal', weight=700, stretch='normal', size='scalable')) = 10.335
2022-11-21 10:05:07,849 | DEBUG: findfont: score(FontEntry(fname='/usr/share/fonts/urw-base35/P052-BoldItalic.otf', name='P052', style='italic', variant='normal', weight=700, stretch='normal', size='scalable')) = 11.335
2022-11-21 10:05:07,849 | DEBUG: findfont: score(FontEntry(fname='/usr/share/fonts/urw-base35/NimbusMonoPS-Regular.otf', name='Nimbus Mono PS', style='normal', variant='normal', weight=400, stretch='normal', size='scalable')) = 10.05
2022-11-21 10:05:07,849 | DEBUG: findfont: score(FontEntry(fname='/usr/share/fonts/urw-base35/C059-Roman.otf', name='C059', style='normal', variant='normal', weight=400, stretch='normal', size='scalable')) = 10.05
2022-11-21 10:05:07,849 | DEBUG: findfont: score(FontEntry(fname='/usr/share/fonts/urw-base35/NimbusRoman-Italic.otf', name='Nimbus Roman', style='italic', variant='normal', weight=400, stretch='normal', size='scalable')) = 11.05
2022-11-21 10:05:07,849 | DEBUG: findfont: score(FontEntry(fname='/usr/share/fonts/google-droid/DroidSansDevanagari-Regular.ttf', name='Droid Sans Devanagari', style='normal', variant='normal', weight=400, stretch='normal', size='scalable')) = 10.05
2022-11-21 10:05:07,849 | DEBUG: findfont: score(FontEntry(fname='/usr/share/fonts/liberation-mono/LiberationMono-Bold.ttf', name='Liberation Mono', style='normal', variant='normal', weight=700, stretch='normal', size='scalable')) = 10.335
2022-11-21 10:05:07,849 | DEBUG: findfont: score(FontEntry(fname='/usr/share/fonts/google-droid/DroidSansGeorgian.ttf', name='Droid Sans Georgian', style='normal', variant='normal', weight=400, stretch='normal', size='scalable')) = 10.05
2022-11-21 10:05:07,849 | DEBUG: findfont: Matching sans\-serif:style=normal:variant=normal:weight=normal:stretch=normal:size=10.0 to DejaVu Sans ('/cluster/home/erlenoi/.local/lib/python3.9/site-packages/matplotlib/mpl-data/fonts/ttf/DejaVuSans.ttf') with score of 0.050000.
2022-11-21 10:05:07,875 | DEBUG: locator: <matplotlib.ticker.AutoLocator object at 0x151bc11c5d60>
