2022-11-19 12:42:04,017 | INFO: Loading messages
2022-11-19 12:42:18,886 | INFO: Loading stock history
2022-11-19 12:42:19,229 | INFO: Before cleaning:
2022-11-19 12:42:19,230 | INFO: 	Number of messages: 460165
2022-11-19 12:42:19,273 | INFO: 	Number of symbols from messages: 1279
2022-11-19 12:42:19,321 | INFO: 	Number of symbols from history: 315
2022-11-19 12:42:19,321 | INFO: Calculating relevant history for each message
2022-11-19 12:42:24,256 | INFO: Merging each message with relevant history
2022-11-19 12:42:27,260 | INFO: After cleaning:
2022-11-19 12:42:27,260 | INFO: 	Number of messages: 180199
2022-11-19 12:42:27,289 | INFO: 	Number of symbols from messages: 274
2022-11-19 12:42:27,289 | INFO: Labelling dataset into Positive, neutral and negative
2022-11-19 12:42:27,317 | INFO: Note: NumExpr detected 48 cores but "NUMEXPR_MAX_THREADS" not set, so enforcing safe limit of 8.
2022-11-19 12:42:27,317 | INFO: NumExpr defaulting to 8 threads.
2022-11-19 12:42:30,566 | INFO: Label distribution:
negative    139724
positive     36393
neutral       4082
Name: label, dtype: int64
2022-11-19 12:42:30,572 | INFO: Saving labelled dataset ds_labelled_lower.parquet
2022-11-19 12:42:35,698 | INFO: Splitting and storing datasets into train, test and valid
