2022-11-19 11:34:00,177 | INFO: Processing all dfs
2022-11-19 11:34:00,187 | INFO: 	READING 1: AYFIE
2022-11-19 11:34:00,211 | INFO: Note: NumExpr detected 48 cores but "NUMEXPR_MAX_THREADS" not set, so enforcing safe limit of 8.
2022-11-19 11:34:00,211 | INFO: NumExpr defaulting to 8 threads.
2022-11-19 11:34:00,239 | INFO: 	READING 2: JIN
2022-11-19 11:34:00,615 | INFO: 	READING 3: AUSS
2022-11-19 11:34:00,908 | INFO: 	READING 4: OTOVO
2022-11-19 11:34:00,937 | INFO: 	READING 5: NHY
2022-11-19 11:34:01,338 | INFO: 	READING 6: AKER
2022-11-19 11:34:01,655 | INFO: 	READING 7: SPOL
2022-11-19 11:34:01,755 | INFO: 	READING 8: PNOR
2022-11-19 11:34:01,902 | INFO: 	READING 9: BWEK
2022-11-19 11:34:01,980 | INFO: 	READING 10: B2H
2022-11-19 11:34:02,111 | INFO: 	READING 11: SATS
2022-11-19 11:34:02,162 | INFO: 	READING 12: GNP
2022-11-19 11:34:02,192 | INFO: 	READING 13: NORTH
2022-11-19 11:34:02,409 | INFO: 	READING 14: ARCH
2022-11-19 11:34:02,619 | INFO: 	READING 15: DSRT
2022-11-19 11:34:02,647 | INFO: 	READING 16: MPCC
2022-11-19 11:34:02,736 | INFO: 	READING 17: ARR
2022-11-19 11:34:03,099 | INFO: 	READING 18: XPLRA
2022-11-19 11:34:03,129 | INFO: 	READING 19: SOLON
2022-11-19 11:34:03,507 | INFO: 	READING 20: TRVX
2022-11-19 11:34:03,629 | INFO: 	READING 21: KRAB
2022-11-19 11:34:03,630 | WARNING: New blacklist: KRAB
2022-11-19 11:34:03,630 | INFO: 	READING 22: NODL
2022-11-19 11:34:03,725 | INFO: 	READING 23: EFUEL
2022-11-19 11:34:03,756 | INFO: 	READING 24: CADLR
2022-11-19 11:34:03,786 | INFO: 	READING 25: 5PG
2022-11-19 11:34:03,913 | INFO: 	READING 26: SRBNK
2022-11-19 11:34:04,301 | INFO: 	READING 27: SCHB
2022-11-19 11:34:04,427 | INFO: 	READING 28: RISH
2022-11-19 11:34:04,609 | INFO: 	READING 29: ODL
2022-11-19 11:34:04,768 | INFO: 	READING 30: GOD
2022-11-19 11:34:05,107 | INFO: 	READING 31: ABG
2022-11-19 11:34:05,489 | INFO: 	READING 32: FRO
2022-11-19 11:34:05,879 | INFO: 	READING 33: PRS
2022-11-19 11:34:06,270 | INFO: 	READING 34: ISLAX
2022-11-19 11:34:06,313 | INFO: 	READING 35: QEC
2022-11-19 11:34:06,621 | INFO: 	READING 36: NSOL
2022-11-19 11:34:06,651 | INFO: 	READING 37: SOON
2022-11-19 11:34:06,907 | INFO: 	READING 38: ARCUS
2022-11-19 11:34:07,007 | INFO: 	READING 39: HOC
2022-11-19 11:34:07,038 | INFO: 	READING 40: SCANA
2022-11-19 11:34:07,408 | INFO: 	READING 41: RANA
2022-11-19 11:34:07,437 | INFO: 	READING 42: TOTG
2022-11-19 11:34:07,759 | INFO: 	READING 43: SUBC
2022-11-19 11:34:08,150 | INFO: 	READING 44: SOGN
2022-11-19 11:34:08,352 | INFO: 	READING 45: CSS
2022-11-19 11:34:08,353 | WARNING: New blacklist: CSS
2022-11-19 11:34:08,353 | INFO: 	READING 46: AIRX
2022-11-19 11:34:08,384 | INFO: 	READING 47: MRCEL
2022-11-19 11:34:08,419 | INFO: 	READING 48: ALT
2022-11-19 11:34:08,420 | WARNING: New blacklist: ALT
2022-11-19 11:34:08,420 | INFO: 	READING 49: VEI
2022-11-19 11:34:08,803 | INFO: 	READING 50: ABT
2022-11-19 11:34:09,032 | INFO: 	READING 51: AZT
2022-11-19 11:34:09,325 | INFO: 	READING 52: GOGL
2022-11-19 11:34:09,459 | INFO: 	READING 53: ACH
2022-11-19 11:34:09,487 | INFO: 	READING 54: KMCP
2022-11-19 11:34:09,664 | INFO: 	READING 55: GENT
2022-11-19 11:34:09,758 | INFO: 	READING 56: SACAM
2022-11-19 11:34:09,840 | INFO: 	READING 57: BWLPG
2022-11-19 11:34:09,995 | INFO: 	READING 58: IWS
2022-11-19 11:34:10,024 | INFO: 	READING 59: SAGA
2022-11-19 11:34:10,207 | INFO: 	READING 60: SALM
2022-11-19 11:34:10,475 | INFO: 	READING 61: SNI
2022-11-19 11:34:10,863 | INFO: 	READING 62: VVL
2022-11-19 11:34:11,047 | INFO: 	READING 63: ASA
2022-11-19 11:34:11,131 | INFO: 	READING 64: GJF
2022-11-19 11:34:11,346 | INFO: 	READING 65: EIOF
2022-11-19 11:34:11,601 | INFO: 	READING 66: SOFTX
2022-11-19 11:34:11,659 | INFO: 	READING 67: AFK
2022-11-19 11:34:11,910 | INFO: 	READING 68: ALNG
2022-11-19 11:34:12,093 | INFO: 	READING 69: NEXT
2022-11-19 11:34:12,243 | INFO: 	READING 70: ELK
2022-11-19 11:34:12,321 | INFO: 	READING 71: NPRO
2022-11-19 11:34:12,608 | INFO: 	READING 72: SDSD
2022-11-19 11:34:12,802 | INFO: 	READING 73: OLT
2022-11-19 11:34:13,144 | INFO: 	READING 74: STATT
2022-11-19 11:34:13,172 | INFO: 	READING 75: HBC
2022-11-19 11:34:13,361 | INFO: 	READING 76: WAWI
2022-11-19 11:34:13,577 | INFO: 	READING 77: BOUV
2022-11-19 11:34:13,800 | INFO: 	READING 78: TIETO
2022-11-19 11:34:13,847 | INFO: 	READING 79: CARA
2022-11-19 11:34:14,190 | INFO: 	READING 80: RING
2022-11-19 11:34:14,391 | INFO: 	READING 81: BELCO
2022-11-19 11:34:14,681 | INFO: 	READING 82: AWDR
2022-11-19 11:34:14,879 | INFO: 	READING 83: HYARD
2022-11-19 11:34:15,020 | INFO: 	READING 84: SKI
2022-11-19 11:34:15,049 | INFO: 	READING 85: VACC
2022-11-19 11:34:15,093 | INFO: 	READING 86: AKSO
2022-11-19 11:34:15,233 | INFO: 	READING 87: HUNT
2022-11-19 11:34:15,486 | INFO: 	READING 88: BALT
2022-11-19 11:34:15,543 | INFO: 	READING 89: HYPRO
2022-11-19 11:34:15,573 | INFO: 	READING 90: NOC
2022-11-19 11:34:15,629 | INFO: 	READING 91: SIKRI
2022-11-19 11:34:15,666 | INFO: 	READING 92: SALME
2022-11-19 11:34:15,697 | INFO: 	READING 93: BWE
2022-11-19 11:34:15,741 | INFO: 	READING 94: VOW
2022-11-19 11:34:15,885 | INFO: 	READING 95: JAREN
2022-11-19 11:34:16,062 | INFO: 	READING 96: BGBIO
2022-11-19 11:34:16,156 | INFO: 	READING 97: AXXIS
2022-11-19 11:34:16,254 | INFO: 	READING 98: TOM
2022-11-19 11:34:16,645 | INFO: 	READING 99: REACH
2022-11-19 11:34:16,986 | INFO: 	READING 100: ECIT
2022-11-19 11:34:16,987 | WARNING: New blacklist: ECIT
2022-11-19 11:34:16,987 | INFO: 	READING 101: ATEA
2022-11-19 11:34:17,386 | INFO: 	READING 102: R8P
2022-11-19 11:34:17,387 | WARNING: New blacklist: R8P
2022-11-19 11:34:17,387 | INFO: 	READING 103: CONTX
2022-11-19 11:34:17,669 | INFO: 	READING 104: HAV
2022-11-19 11:34:17,697 | INFO: 	READING 105: DNB
2022-11-19 11:34:18,088 | INFO: 	READING 106: TECO
2022-11-19 11:34:18,117 | INFO: 	READING 107: KOA
2022-11-19 11:34:18,419 | INFO: 	READING 108: RAKP
2022-11-19 11:34:18,542 | INFO: 	READING 109: ANDF
2022-11-19 11:34:18,589 | INFO: 	READING 110: IOX
2022-11-19 11:34:18,884 | INFO: 	READING 111: KID
2022-11-19 11:34:19,000 | INFO: 	READING 112: RECSI
2022-11-19 11:34:19,297 | INFO: 	READING 113: ODF
2022-11-19 11:34:19,654 | INFO: 	READING 114: KOG
2022-11-19 11:34:20,042 | INFO: 	READING 115: PLCS
2022-11-19 11:34:20,272 | INFO: 	READING 116: QFUEL
2022-11-19 11:34:20,338 | INFO: 	READING 117: NORBT
2022-11-19 11:34:20,393 | INFO: 	READING 118: NOFI
2022-11-19 11:34:20,535 | INFO: 	READING 119: MING
2022-11-19 11:34:20,920 | INFO: 	READING 120: SMCRT
2022-11-19 11:34:20,920 | WARNING: New blacklist: SMCRT
2022-11-19 11:34:20,920 | INFO: 	READING 121: STRO
2022-11-19 11:34:21,289 | INFO: 	READING 122: BRG
2022-11-19 11:34:21,466 | INFO: 	READING 123: SADG
2022-11-19 11:34:21,806 | INFO: 	READING 124: OBSRV
2022-11-19 11:34:21,856 | INFO: 	READING 125: SBX
2022-11-19 11:34:22,144 | INFO: 	READING 126: AGAS
2022-11-19 11:34:22,294 | INFO: 	READING 127: NRS
2022-11-19 11:34:22,486 | INFO: 	READING 128: KOMP
2022-11-19 11:34:22,609 | INFO: 	READING 129: INDCT
2022-11-19 11:34:22,713 | INFO: 	READING 130: HPUR
2022-11-19 11:34:22,742 | INFO: 	READING 131: BAKKA
2022-11-19 11:34:22,964 | INFO: 	READING 132: FLYR
2022-11-19 11:34:22,992 | INFO: 	READING 133: PGS
2022-11-19 11:34:23,388 | INFO: 	READING 134: OCY
2022-11-19 11:34:23,552 | INFO: 	READING 135: NORSE
2022-11-19 11:34:23,580 | INFO: 	READING 136: MVW
2022-11-19 11:34:23,581 | WARNING: New blacklist: MVW
2022-11-19 11:34:23,581 | INFO: 	READING 137: WILS
2022-11-19 11:34:23,765 | INFO: 	READING 138: ADS
2022-11-19 11:34:23,830 | INFO: 	READING 139: ENSU
2022-11-19 11:34:24,107 | INFO: 	READING 140: WSTEP
2022-11-19 11:34:24,191 | INFO: 	READING 141: MEDI
2022-11-19 11:34:24,427 | INFO: 	READING 142: KYOTO
2022-11-19 11:34:24,455 | INFO: 	READING 143: HDLY
2022-11-19 11:34:24,483 | INFO: 	READING 144: SIOFF
2022-11-19 11:34:24,771 | INFO: 	READING 145: BCS
2022-11-19 11:34:24,801 | INFO: 	READING 146: NISB
2022-11-19 11:34:24,857 | INFO: 	READING 147: ADE
2022-11-19 11:34:24,921 | INFO: 	READING 148: FLNG
2022-11-19 11:34:25,151 | INFO: 	READING 149: AASB
2022-11-19 11:34:25,221 | INFO: 	READING 150: BWIDL
2022-11-19 11:34:25,251 | INFO: 	READING 151: IFISH
2022-11-19 11:34:25,293 | INFO: 	READING 152: HELG
2022-11-19 11:34:25,586 | INFO: 	READING 153: LIFE
2022-11-19 11:34:25,653 | INFO: 	READING 154: GEM
2022-11-19 11:34:25,683 | INFO: 	READING 155: DNO
2022-11-19 11:34:26,072 | INFO: 	READING 156: ZAP
2022-11-19 11:34:26,104 | INFO: 	READING 157: SNOR
2022-11-19 11:34:26,177 | INFO: 	READING 158: PARB
2022-11-19 11:34:26,310 | INFO: 	READING 159: EQNR
2022-11-19 11:34:26,686 | INFO: 	READING 160: BRA
2022-11-19 11:34:26,743 | INFO: 	READING 161: ODFB
2022-11-19 11:34:27,049 | INFO: 	READING 162: CAMBI
2022-11-19 11:34:27,077 | INFO: 	READING 163: AOW
2022-11-19 11:34:27,109 | INFO: 	READING 164: PHO
2022-11-19 11:34:27,496 | INFO: 	READING 165: AURG
2022-11-19 11:34:27,690 | INFO: 	READING 166: PHLY
2022-11-19 11:34:27,877 | INFO: 	READING 167: HMONY
2022-11-19 11:34:27,878 | WARNING: New blacklist: HMONY
2022-11-19 11:34:27,878 | INFO: 	READING 168: OTS
2022-11-19 11:34:28,127 | INFO: 	READING 169: DVD
2022-11-19 11:34:28,155 | INFO: 	READING 170: ZWIPE
2022-11-19 11:34:28,220 | INFO: 	READING 171: SKAND
2022-11-19 11:34:28,249 | INFO: 	READING 172: PROXI
2022-11-19 11:34:28,277 | INFO: 	READING 173: ROM
2022-11-19 11:34:28,460 | INFO: 	READING 174: NATTO
2022-11-19 11:34:28,461 | WARNING: New blacklist: NATTO
2022-11-19 11:34:28,461 | INFO: 	READING 175: SKUE
2022-11-19 11:34:28,701 | INFO: 	READING 176: TECH
2022-11-19 11:34:29,080 | INFO: 	READING 177: SOAG
2022-11-19 11:34:29,282 | INFO: 	READING 178: ENVIP
2022-11-19 11:34:29,313 | INFO: 	READING 179: IDEX
2022-11-19 11:34:29,532 | INFO: 	READING 180: NOHAL
2022-11-19 11:34:29,560 | INFO: 	READING 181: ELIMP
2022-11-19 11:34:29,588 | INFO: 	READING 182: AKVA
2022-11-19 11:34:29,810 | INFO: 	READING 183: CSAM
2022-11-19 11:34:29,841 | INFO: 	READING 184: XXL
2022-11-19 11:34:29,981 | INFO: 	READING 185: SVEG
2022-11-19 11:34:30,305 | INFO: 	READING 186: ENDUR
2022-11-19 11:34:30,554 | INFO: 	READING 187: SOFF
2022-11-19 11:34:30,919 | INFO: 	READING 188: PSE
2022-11-19 11:34:31,287 | INFO: 	READING 189: NONG
2022-11-19 11:34:31,677 | INFO: 	READING 190: RIVER
2022-11-19 11:34:31,740 | INFO: 	READING 191: OET
2022-11-19 11:34:31,805 | INFO: 	READING 192: NOM
2022-11-19 11:34:32,087 | INFO: 	READING 193: BEWI
2022-11-19 11:34:32,120 | INFO: 	READING 194: BSP
2022-11-19 11:34:32,192 | INFO: 	READING 195: CYVIZ
2022-11-19 11:34:32,220 | INFO: 	READING 196: LSG
2022-11-19 11:34:32,587 | INFO: 	READING 197: LYTIX
2022-11-19 11:34:32,588 | WARNING: New blacklist: LYTIX
2022-11-19 11:34:32,588 | INFO: 	READING 198: BONHR
2022-11-19 11:34:32,960 | INFO: 	READING 199: ACC
2022-11-19 11:34:32,992 | INFO: 	READING 200: 2020
2022-11-19 11:34:33,049 | INFO: 	READING 201: VOLUE
2022-11-19 11:34:33,079 | INFO: 	READING 202: NEL
2022-11-19 11:34:33,433 | INFO: 	READING 203: SMOP
2022-11-19 11:34:33,434 | WARNING: New blacklist: SMOP
2022-11-19 11:34:33,434 | INFO: 	READING 204: QFR
2022-11-19 11:34:33,786 | INFO: 	READING 205: NAPA
2022-11-19 11:34:33,935 | INFO: 	READING 206: MULTI
2022-11-19 11:34:34,063 | INFO: 	READING 207: NORDH
2022-11-19 11:34:34,063 | WARNING: New blacklist: NORDH
2022-11-19 11:34:34,063 | INFO: 	READING 208: NSKOG
2022-11-19 11:34:34,111 | INFO: 	READING 209: ACR
2022-11-19 11:34:34,493 | INFO: 	READING 210: PPG
2022-11-19 11:34:34,616 | INFO: 	READING 211: CRAYN
2022-11-19 11:34:34,699 | INFO: 	READING 212: STB
2022-11-19 11:34:35,087 | INFO: 	READING 213: EXTX
2022-11-19 11:34:35,123 | INFO: 	READING 214: SBO
2022-11-19 11:34:35,305 | INFO: 	READING 215: POL
2022-11-19 11:34:35,474 | INFO: 	READING 216: HYN
2022-11-19 11:34:35,502 | INFO: 	READING 217: ROMSB
2022-11-19 11:34:35,541 | INFO: 	READING 218: PRYME
2022-11-19 11:34:35,569 | INFO: 	READING 219: KING
2022-11-19 11:34:35,598 | INFO: 	READING 220: TRE
2022-11-19 11:34:35,708 | INFO: 	READING 221: ECO
2022-11-19 11:34:35,736 | INFO: 	READING 222: ELABS
2022-11-19 11:34:35,765 | INFO: 	READING 223: PSKY
2022-11-19 11:34:35,795 | INFO: 	READING 224: PMG
2022-11-19 11:34:35,824 | INFO: 	READING 225: KIT
2022-11-19 11:34:36,184 | INFO: 	READING 226: NAVA
2022-11-19 11:34:36,453 | INFO: 	READING 227: EAM
2022-11-19 11:34:36,616 | INFO: 	READING 228: NOL
2022-11-19 11:34:36,660 | INFO: 	READING 229: SUNSB
2022-11-19 11:34:36,720 | INFO: 	READING 230: KOMPL
2022-11-19 11:34:36,721 | WARNING: New blacklist: KOMPL
2022-11-19 11:34:36,721 | INFO: 	READING 231: ZENA
2022-11-19 11:34:36,783 | INFO: 	READING 232: PROT
2022-11-19 11:34:37,026 | INFO: 	READING 233: OHT
2022-11-19 11:34:37,056 | INFO: 	READING 234: NOD
2022-11-19 11:34:37,412 | INFO: 	READING 235: GEOS
2022-11-19 11:34:37,469 | INFO: 	READING 236: NKR
2022-11-19 11:34:37,809 | INFO: 	READING 237: NOR
2022-11-19 11:34:38,073 | INFO: 	READING 238: GYL
2022-11-19 11:34:38,225 | INFO: 	READING 239: MGN
2022-11-19 11:34:38,532 | INFO: 	READING 240: ZAL
2022-11-19 11:34:38,678 | INFO: 	READING 241: AKBM
2022-11-19 11:34:38,715 | INFO: 	READING 242: YAR
2022-11-19 11:34:39,041 | INFO: 	READING 243: GRONG
2022-11-19 11:34:39,117 | INFO: 	READING 244: NAS
2022-11-19 11:34:39,458 | INFO: 	READING 245: AFG
2022-11-19 11:34:39,781 | INFO: 	READING 246: AKAST
2022-11-19 11:34:40,108 | INFO: 	READING 247: INSTA
2022-11-19 11:34:40,179 | INFO: 	READING 248: OTEC
2022-11-19 11:34:40,507 | INFO: 	READING 249: FJORD
2022-11-19 11:34:40,602 | INFO: 	READING 250: MAS
2022-11-19 11:34:40,602 | WARNING: New blacklist: MAS
2022-11-19 11:34:40,603 | INFO: 	READING 251: NTI
2022-11-19 11:34:40,603 | WARNING: New blacklist: NTI
2022-11-19 11:34:40,603 | INFO: 	READING 252: ITERA
2022-11-19 11:34:40,965 | INFO: 	READING 253: NTS
2022-11-19 11:34:41,161 | INFO: 	READING 254: ENTRA
2022-11-19 11:34:41,302 | INFO: 	READING 255: FKRFT
2022-11-19 11:34:41,384 | INFO: 	READING 256: NCOD
2022-11-19 11:34:41,416 | INFO: 	READING 257: MELG
2022-11-19 11:34:41,631 | INFO: 	READING 258: HEX
2022-11-19 11:34:42,001 | INFO: 	READING 259: ORK
2022-11-19 11:34:42,389 | INFO: 	READING 260: SPOG
2022-11-19 11:34:42,745 | INFO: 	READING 261: ORN
2022-11-19 11:34:42,773 | INFO: 	READING 262: ELOP
2022-11-19 11:34:42,807 | INFO: 	READING 263: AKRBP
2022-11-19 11:34:43,052 | INFO: 	READING 264: MWTR
2022-11-19 11:34:43,081 | INFO: 	READING 265: EPR
2022-11-19 11:34:43,209 | INFO: 	READING 266: BOR
2022-11-19 11:34:43,443 | INFO: 	READING 267: HUDL
2022-11-19 11:34:43,474 | INFO: 	READING 268: MOWI
2022-11-19 11:34:43,864 | INFO: 	READING 269: VISTN
2022-11-19 11:34:43,989 | INFO: 	READING 270: SCATC
2022-11-19 11:34:44,148 | INFO: 	READING 271: TYSB
2022-11-19 11:34:44,234 | INFO: 	READING 272: KCC
2022-11-19 11:34:44,292 | INFO: 	READING 273: ULTI
2022-11-19 11:34:44,358 | INFO: 	READING 274: MNTR
2022-11-19 11:34:44,388 | INFO: 	READING 275: SBANK
2022-11-19 11:34:44,521 | INFO: 	READING 276: EMGS
2022-11-19 11:34:44,813 | INFO: 	READING 277: OSUN
2022-11-19 11:34:44,847 | INFO: 	READING 278: NTEL
2022-11-19 11:34:44,879 | INFO: 	READING 279: NANOV
2022-11-19 11:34:45,021 | INFO: 	READING 280: AMSC
2022-11-19 11:34:45,313 | INFO: 	READING 281: SCHA
2022-11-19 11:34:45,747 | INFO: 	READING 282: TEKNA
2022-11-19 11:34:45,796 | INFO: 	READING 283: SSG
2022-11-19 11:34:45,902 | INFO: 	READING 284: ICEGR
2022-11-19 11:34:45,977 | INFO: 	READING 285: NRC
2022-11-19 11:34:46,340 | INFO: 	READING 286: ARGEO
2022-11-19 11:34:46,379 | INFO: 	READING 287: PLT
2022-11-19 11:34:46,443 | INFO: 	READING 288: CIRCA
2022-11-19 11:34:46,483 | INFO: 	READING 289: HRGI
2022-11-19 11:34:46,527 | INFO: 	READING 290: LSTSB
2022-11-19 11:34:46,616 | INFO: 	READING 291: CLOUD
2022-11-19 11:34:46,679 | INFO: 	READING 292: BORR
2022-11-19 11:34:46,798 | INFO: 	READING 293: ABS
2022-11-19 11:34:46,844 | INFO: 	READING 294: WWI
2022-11-19 11:34:47,265 | INFO: 	READING 295: AKH
2022-11-19 11:34:47,311 | INFO: 	READING 296: KAL
2022-11-19 11:34:47,352 | INFO: 	READING 297: MORG
2022-11-19 11:34:47,755 | INFO: 	READING 298: BMA
2022-11-19 11:34:47,995 | INFO: 	READING 299: HAFNI
2022-11-19 11:34:48,062 | INFO: 	READING 300: PCIB
2022-11-19 11:34:48,302 | INFO: 	READING 301: KAHOT
2022-11-19 11:34:48,364 | INFO: 	READING 302: SDRL
2022-11-19 11:34:48,678 | INFO: 	READING 303: GIG
2022-11-19 11:34:48,956 | INFO: 	READING 304: HAVI
2022-11-19 11:34:49,256 | INFO: 	READING 305: AEGA
2022-11-19 11:34:49,418 | INFO: 	READING 306: SHLF
2022-11-19 11:34:49,521 | INFO: 	READING 307: MSEIS
2022-11-19 11:34:49,659 | INFO: 	READING 308: ELO
2022-11-19 11:34:49,681 | WARNING: New blacklist: ELO
2022-11-19 11:34:49,681 | INFO: 	READING 309: TGS
2022-11-19 11:34:50,072 | INFO: 	READING 310: NOAP
2022-11-19 11:34:50,118 | INFO: 	READING 311: AFISH
2022-11-19 11:34:50,133 | WARNING: New blacklist: AFISH
2022-11-19 11:34:50,133 | INFO: 	READING 312: NUMND
2022-11-19 11:34:50,183 | INFO: 	READING 313: SASNO
2022-11-19 11:34:50,598 | INFO: 	READING 314: AQUA
2022-11-19 11:34:50,767 | INFO: 	READING 315: ASTK
2022-11-19 11:34:50,954 | INFO: 	READING 316: INSR
2022-11-19 11:34:51,122 | INFO: 	READING 317: SOHO
2022-11-19 11:34:51,164 | INFO: 	READING 318: PEN
2022-11-19 11:34:51,419 | INFO: 	READING 319: HSPG
2022-11-19 11:34:51,600 | INFO: 	READING 320: GSF
2022-11-19 11:34:51,873 | INFO: 	READING 321: LINK
2022-11-19 11:34:51,905 | INFO: 	READING 322: DOF
2022-11-19 11:34:52,297 | INFO: 	READING 323: BWO
2022-11-19 11:34:52,601 | INFO: 	READING 324: FROY
2022-11-19 11:34:52,631 | INFO: 	READING 325: OKEA
2022-11-19 11:34:52,704 | INFO: 	READING 326: MPCES
2022-11-19 11:34:52,739 | INFO: 	READING 327: AGLX
2022-11-19 11:34:52,790 | INFO: 	READING 328: WWIB
2022-11-19 11:34:53,126 | INFO: 	READING 329: TEL
2022-11-19 11:34:53,539 | INFO: 	READING 330: PEXIP
2022-11-19 11:34:53,580 | INFO: 	READING 331: DLTX
2022-11-19 11:34:53,885 | INFO: 	READING 332: SOR
